[35m[Appium][39m Welcome to Appium v2.5.0
[35m[Appium][39m Non-default server args:
[35m[Appium][39m { basePath: [32m'/wd/hub'[39m, loglevel: [32m'info'[39m, port: [33m60211[39m }
[35m[Appium][39m Attempting to load driver uiautomator2...
[35m[Appium][39m Appium REST http interface listener started on http://0.0.0.0:60211/wd/hub
[35m[Appium][39m You can provide the following URLs in your client code to connect to this server:
[35m[Appium][39m 	http://172.20.10.4:60211/wd/hub
[35m[Appium][39m 	http://127.0.0.1:60211/wd/hub (only accessible from the same host)
[35m[Appium][39m 	http://172.26.160.1:60211/wd/hub
[35m[Appium][39m Available drivers:
[35m[Appium][39m   - uiautomator2@3.0.0 (automationName 'UiAutomator2')
[35m[Appium][39m No plugins have been installed. Use the "appium plugin" command to install the one(s) you want to use.
[38;5;0m[HTTP][0m [37m-->[39m [37mGET[39m [37m/wd/hub/status[39m
[38;5;0m[HTTP][0m [90m{}[39m
[38;5;0m[HTTP][0m [37m<-- GET /wd/hub/status [39m[32m200[39m [90m10 ms - 110[39m
[38;5;0m[HTTP][0m [90m[39m
[38;5;0m[HTTP][0m [37m-->[39m [37mGET[39m [37m/wd/hub/status[39m
[38;5;0m[HTTP][0m [90m{}[39m
[38;5;0m[HTTP][0m [37m<-- GET /wd/hub/status [39m[32m200[39m [90m2 ms - 110[39m
[38;5;0m[HTTP][0m [90m[39m
[38;5;0m[HTTP][0m [37m-->[39m [37mPOST[39m [37m/wd/hub/session[39m
[38;5;0m[HTTP][0m [90m{"desiredCapabilities":{"appium:systemPort":60243,"appium:newCommandTimeout":1800,"appium:automationName":"uiautomator2","appium:fullReset":false,"appium:platformVersion":"11","appium:noReset":true,"appium:udid":"emulator-5554","appium:autoGrantPermissions":true,"appium:platformName":"ANDROID","appium:deviceName":"emulator-5554 (sdk_gphone_x86 - Android 11)","platformName":"Android","appium:app":"C:\\Users\\Maulana Y\\Downloads\\Advantage+demo+3.2.apk"},"capabilities":{"firstMatch":[{"appium:app":"C:\\Users\\Maulana Y\\Downloads\\Advantage+demo+3.2.apk","appium:autoGrantPermissions":true,"appium:automationName":"uiautomator2","appium:deviceName":"emulator-5554 (sdk_gphone_x86 - Android 11)","appium:fullReset":false,"appium:newCommandTimeout":1800,"appium:noReset":true,"appium:platformName":"ANDROID","appium:platformVersion":"11","appium:systemPort":60243,"appium:udid":"emulator-5554","platformName":"android"}]}}[39m
[38;5;32m[BaseDriver][0m Ignoring capability 'appium:platformName=ANDROID' and using capability 'platformName=android'
[38;5;32m[BaseDriver][0m The capabilities ["platformName"] are standard capabilities and do not require "appium:" prefix
[35m[Appium][39m Attempting to find matching driver for automationName 'uiautomator2' and platformName 'android'
[35m[Appium][39m The 'uiautomator2' driver was installed and matched caps.
[35m[Appium][39m Will require it at C:\Users\Maulana Y\.appium\node_modules\appium-uiautomator2-driver
[38;5;16m[AppiumDriver@076f][0m Appium v2.5.0 creating new AndroidUiautomator2Driver (v3.0.0) session
[38;5;16m[AppiumDriver@076f][0m Checking BaseDriver versions for Appium and AndroidUiautomator2Driver
[38;5;16m[AppiumDriver@076f][0m Appium's BaseDriver version is 9.5.1
[38;5;16m[AppiumDriver@076f][0m AndroidUiautomator2Driver's BaseDriver version is 9.5.1
[38;5;48m[AndroidUiautomator2Driver@e807 (c7e2f79d)][0m Session created with session id: c7e2f79d-5899-42a6-9f60-2f7dc8c9743c
[38;5;64m[ADB][0m Found 1 'build-tools' folders under 'C:\Users\Maulana Y\.katalon\tools\android_sdk' (newest first):
[38;5;64m[ADB][0m     C:\Users\Maulana Y\.katalon\tools\android_sdk\build-tools\29.0.3
[38;5;64m[ADB][0m Using 'adb.exe' from 'C:\Users\Maulana Y\.katalon\tools\android_sdk\platform-tools\adb.exe'
[38;5;48m[AndroidUiautomator2Driver@e807 (c7e2f79d)][0m Retrieving device list
[38;5;48m[AndroidUiautomator2Driver@e807 (c7e2f79d)][0m Using device: emulator-5554
[38;5;64m[ADB][0m Using 'adb.exe' from 'C:\Users\Maulana Y\.katalon\tools\android_sdk\platform-tools\adb.exe'
[38;5;32m[BaseDriver][0m Using local app 'C:\Users\Maulana Y\Downloads\Advantage+demo+3.2.apk'
[38;5;64m[ADB][0m Getting device platform version
[38;5;48m[AndroidUiautomator2Driver@e807 (c7e2f79d)][0m Relaxing hidden api policy
[38;5;64m[ADB][0m Package name: 'com.Advantage.aShopping'
[38;5;64m[ADB][0m Main activity name: 'com.Advantage.aShopping.SplashActivity'
[38;5;64m[ADB][0m Using 'apksigner.jar' from 'C:\Users\Maulana Y\.katalon\tools\android_sdk\build-tools\29.0.3\lib\apksigner.jar'
[38;5;64m[ADB][0m 'C:\Users\Maulana Y\.appium\node_modules\appium-uiautomator2-driver\node_modules\appium-uiautomator2-server\apks\appium-uiautomator2-server-debug-androidTest.apk' is signed with the default certificate
[38;5;64m[ADB][0m 'C:\Users\Maulana Y\Downloads\Advantage+demo+3.2.apk' is signed with a non-default certificate
[38;5;64m[ADB][0m The application at 'C:\Users\Maulana Y\Downloads\Advantage+demo+3.2.apk' will not be cached, because the device under test has confirmed the support of streamed installs
[38;5;64m[ADB][0m The installation of 'Advantage+demo+3.2.apk' took 216ms
[38;5;64m[ADB][0m 'C:\Users\Maulana Y\.appium\node_modules\appium-uiautomator2-driver\node_modules\appium-uiautomator2-server\apks\appium-uiautomator2-server-v7.0.0.apk' is signed with the default certificate
[38;5;48m[AndroidUiautomator2Driver@e807 (c7e2f79d)][0m Server packages are not going to be (re)installed
[38;5;64m[ADB][0m Adding packages ["io.appium.settings","io.appium.uiautomator2.server","io.appium.uiautomator2.server.test"] to Doze whitelist
[38;5;48m[AndroidUiautomator2Driver@e807 (c7e2f79d)][0m Starting UIAutomator2 server 7.0.0
[38;5;48m[AndroidUiautomator2Driver@e807 (c7e2f79d)][0m Using UIAutomator2 server from 'C:\Users\Maulana Y\.appium\node_modules\appium-uiautomator2-driver\node_modules\appium-uiautomator2-server\apks\appium-uiautomator2-server-v7.0.0.apk' and test from 'C:\Users\Maulana Y\.appium\node_modules\appium-uiautomator2-driver\node_modules\appium-uiautomator2-server\apks\appium-uiautomator2-server-debug-androidTest.apk'
[38;5;48m[AndroidUiautomator2Driver@e807 (c7e2f79d)][0m Waiting up to 30000ms for UiAutomator2 to be online...
[38;5;48m[AndroidUiautomator2Driver@e807 (c7e2f79d)][0m socket hang up
[38;5;48m[AndroidUiautomator2Driver@e807 (c7e2f79d)][0m socket hang up
[38;5;48m[AndroidUiautomator2Driver@e807 (c7e2f79d)][0m Determined the downstream protocol as 'W3C'
[38;5;48m[AndroidUiautomator2Driver@e807 (c7e2f79d)][0m Screen already unlocked, doing nothing
[38;5;48m[AndroidUiautomator2Driver@e807 (c7e2f79d)][0m Starting 'com.Advantage.aShopping/com.Advantage.aShopping.SplashActivity and waiting for 'com.Advantage.aShopping/com.Advantage.aShopping.SplashActivity'
[38;5;16m[AppiumDriver@076f][0m New AndroidUiautomator2Driver session created successfully, session c7e2f79d-5899-42a6-9f60-2f7dc8c9743c added to master session list
[38;5;0m[HTTP][0m [37m<-- POST /wd/hub/session [39m[32m200[39m [90m5741 ms - 1224[39m
[38;5;0m[HTTP][0m [90m[39m
[38;5;0m[HTTP][0m [37m-->[39m [37mGET[39m [37m/wd/hub/session/c7e2f79d-5899-42a6-9f60-2f7dc8c9743c[39m
[38;5;0m[HTTP][0m [90m{}[39m
[38;5;0m[HTTP][0m [37m<-- GET /wd/hub/session/c7e2f79d-5899-42a6-9f60-2f7dc8c9743c [39m[32m200[39m [90m19 ms - 364[39m
[38;5;0m[HTTP][0m [90m[39m
[38;5;0m[HTTP][0m [37m-->[39m [37mGET[39m [37m/wd/hub/session/c7e2f79d-5899-42a6-9f60-2f7dc8c9743c[39m
[38;5;0m[HTTP][0m [90m{}[39m
[38;5;0m[HTTP][0m [37m<-- GET /wd/hub/session/c7e2f79d-5899-42a6-9f60-2f7dc8c9743c [39m[32m200[39m [90m14 ms - 364[39m
[38;5;0m[HTTP][0m [90m[39m
[38;5;0m[HTTP][0m [37m-->[39m [37mGET[39m [37m/wd/hub/status[39m
[38;5;0m[HTTP][0m [90m{}[39m
[38;5;0m[HTTP][0m [37m<-- GET /wd/hub/status [39m[32m200[39m [90m2 ms - 110[39m
[38;5;0m[HTTP][0m [90m[39m
[38;5;0m[HTTP][0m [37m-->[39m [37mPOST[39m [37m/wd/hub/session/c7e2f79d-5899-42a6-9f60-2f7dc8c9743c/timeouts[39m
[38;5;0m[HTTP][0m [90m{"implicit":60000}[39m
[38;5;0m[HTTP][0m [37m<-- POST /wd/hub/session/c7e2f79d-5899-42a6-9f60-2f7dc8c9743c/timeouts [39m[32m200[39m [90m3 ms - 14[39m
[38;5;0m[HTTP][0m [90m[39m
[38;5;0m[HTTP][0m [37m-->[39m [37mGET[39m [37m/wd/hub/session/c7e2f79d-5899-42a6-9f60-2f7dc8c9743c/source[39m
[38;5;0m[HTTP][0m [90m{}[39m
[38;5;48m[AndroidUiautomator2Driver@e807 (c7e2f79d)][0m Driver proxy active, passing request on via HTTP proxy
[38;5;48m[AndroidUiautomator2Driver@e807 (c7e2f79d)][0m Replacing sessionId 311ff8ce-1f64-4eed-8d57-a218dd190ae0 with c7e2f79d-5899-42a6-9f60-2f7dc8c9743c
[38;5;0m[HTTP][0m [37m<-- GET /wd/hub/session/c7e2f79d-5899-42a6-9f60-2f7dc8c9743c/source [39m[32m200[39m [90m326 ms - 5913[39m
[38;5;0m[HTTP][0m [90m[39m
[38;5;0m[HTTP][0m [37m-->[39m [37mGET[39m [37m/wd/hub/session/c7e2f79d-5899-42a6-9f60-2f7dc8c9743c/screenshot[39m
[38;5;0m[HTTP][0m [90m{}[39m
[38;5;0m[HTTP][0m [37m<-- GET /wd/hub/session/c7e2f79d-5899-42a6-9f60-2f7dc8c9743c/screenshot [39m[32m200[39m [90m1619 ms - 2799380[39m
[38;5;0m[HTTP][0m [90m[39m
[38;5;0m[HTTP][0m [37m-->[39m [37mGET[39m [37m/wd/hub/session/c7e2f79d-5899-42a6-9f60-2f7dc8c9743c/source[39m
[38;5;0m[HTTP][0m [90m{}[39m
[38;5;48m[AndroidUiautomator2Driver@e807 (c7e2f79d)][0m Driver proxy active, passing request on via HTTP proxy
[38;5;48m[AndroidUiautomator2Driver@e807 (c7e2f79d)][0m Replacing sessionId 311ff8ce-1f64-4eed-8d57-a218dd190ae0 with c7e2f79d-5899-42a6-9f60-2f7dc8c9743c
[38;5;0m[HTTP][0m [37m<-- GET /wd/hub/session/c7e2f79d-5899-42a6-9f60-2f7dc8c9743c/source [39m[32m200[39m [90m82 ms - 15041[39m
[38;5;0m[HTTP][0m [90m[39m
[38;5;0m[HTTP][0m [37m-->[39m [37mGET[39m [37m/wd/hub/session/c7e2f79d-5899-42a6-9f60-2f7dc8c9743c/screenshot[39m
[38;5;0m[HTTP][0m [90m{}[39m
[38;5;0m[HTTP][0m [37m<-- GET /wd/hub/session/c7e2f79d-5899-42a6-9f60-2f7dc8c9743c/screenshot [39m[32m200[39m [90m1223 ms - 2076316[39m
[38;5;0m[HTTP][0m [90m[39m
[38;5;0m[HTTP][0m [37m-->[39m [37mGET[39m [37m/wd/hub/session/c7e2f79d-5899-42a6-9f60-2f7dc8c9743c/source[39m
[38;5;0m[HTTP][0m [90m{}[39m
[38;5;48m[AndroidUiautomator2Driver@e807 (c7e2f79d)][0m Driver proxy active, passing request on via HTTP proxy
[38;5;48m[AndroidUiautomator2Driver@e807 (c7e2f79d)][0m Replacing sessionId 311ff8ce-1f64-4eed-8d57-a218dd190ae0 with c7e2f79d-5899-42a6-9f60-2f7dc8c9743c
[38;5;0m[HTTP][0m [37m<-- GET /wd/hub/session/c7e2f79d-5899-42a6-9f60-2f7dc8c9743c/source [39m[32m200[39m [90m75 ms - 16125[39m
[38;5;0m[HTTP][0m [90m[39m
[38;5;0m[HTTP][0m [37m-->[39m [37mGET[39m [37m/wd/hub/session/c7e2f79d-5899-42a6-9f60-2f7dc8c9743c/screenshot[39m
[38;5;0m[HTTP][0m [90m{}[39m
[38;5;0m[HTTP][0m [37m<-- GET /wd/hub/session/c7e2f79d-5899-42a6-9f60-2f7dc8c9743c/screenshot [39m[32m200[39m [90m183 ms - 102344[39m
[38;5;0m[HTTP][0m [90m[39m
[38;5;0m[HTTP][0m [37m-->[39m [37mPOST[39m [37m/wd/hub/session/c7e2f79d-5899-42a6-9f60-2f7dc8c9743c/elements[39m
[38;5;0m[HTTP][0m [90m{"using":"xpath","value":"//*[@class = 'android.widget.EditText' and (@text = '' or . = '')]"}[39m
[38;5;0m[HTTP][0m [37m<-- POST /wd/hub/session/c7e2f79d-5899-42a6-9f60-2f7dc8c9743c/elements [39m[32m200[39m [90m334 ms - 267[39m
[38;5;0m[HTTP][0m [90m[39m
[38;5;0m[HTTP][0m [37m-->[39m [37mPOST[39m [37m/wd/hub/session/c7e2f79d-5899-42a6-9f60-2f7dc8c9743c/elements[39m
[38;5;0m[HTTP][0m [90m{"using":"-android uiautomator","value":"new UiSelector().className(\"android.widget.EditText\")"}[39m
[38;5;0m[HTTP][0m [37m<-- POST /wd/hub/session/c7e2f79d-5899-42a6-9f60-2f7dc8c9743c/elements [39m[32m200[39m [90m51 ms - 267[39m
[38;5;0m[HTTP][0m [90m[39m
[38;5;0m[HTTP][0m [37m-->[39m [37mPOST[39m [37m/wd/hub/session/c7e2f79d-5899-42a6-9f60-2f7dc8c9743c/elements[39m
[38;5;0m[HTTP][0m [90m{"using":"xpath","value":"//*[@class = 'android.widget.EditText' and (@text = '' or . = '')]"}[39m
[38;5;0m[HTTP][0m [37m<-- POST /wd/hub/session/c7e2f79d-5899-42a6-9f60-2f7dc8c9743c/elements [39m[32m200[39m [90m87 ms - 267[39m
[38;5;0m[HTTP][0m [90m[39m
[38;5;0m[HTTP][0m [37m-->[39m [37mPOST[39m [37m/wd/hub/session/c7e2f79d-5899-42a6-9f60-2f7dc8c9743c/elements[39m
[38;5;0m[HTTP][0m [90m{"using":"-android uiautomator","value":"new UiSelector().className(\"android.widget.EditText\")"}[39m
[38;5;0m[HTTP][0m [37m<-- POST /wd/hub/session/c7e2f79d-5899-42a6-9f60-2f7dc8c9743c/elements [39m[32m200[39m [90m40 ms - 267[39m
[38;5;0m[HTTP][0m [90m[39m
[38;5;0m[HTTP][0m [37m-->[39m [37mGET[39m [37m/wd/hub/session/c7e2f79d-5899-42a6-9f60-2f7dc8c9743c/source[39m
[38;5;0m[HTTP][0m [90m{}[39m
[38;5;48m[AndroidUiautomator2Driver@e807 (c7e2f79d)][0m Driver proxy active, passing request on via HTTP proxy
[38;5;48m[AndroidUiautomator2Driver@e807 (c7e2f79d)][0m Replacing sessionId 311ff8ce-1f64-4eed-8d57-a218dd190ae0 with c7e2f79d-5899-42a6-9f60-2f7dc8c9743c
[38;5;0m[HTTP][0m [37m<-- GET /wd/hub/session/c7e2f79d-5899-42a6-9f60-2f7dc8c9743c/source [39m[32m200[39m [90m33 ms - 16143[39m
[38;5;0m[HTTP][0m [90m[39m
[38;5;0m[HTTP][0m [37m-->[39m [37mGET[39m [37m/wd/hub/session/c7e2f79d-5899-42a6-9f60-2f7dc8c9743c/screenshot[39m
[38;5;0m[HTTP][0m [90m{}[39m
[38;5;0m[HTTP][0m [37m<-- GET /wd/hub/session/c7e2f79d-5899-42a6-9f60-2f7dc8c9743c/screenshot [39m[32m200[39m [90m209 ms - 151812[39m
[38;5;0m[HTTP][0m [90m[39m
[38;5;0m[HTTP][0m [37m-->[39m [37mPOST[39m [37m/wd/hub/session/c7e2f79d-5899-42a6-9f60-2f7dc8c9743c/elements[39m
[38;5;0m[HTTP][0m [90m{"using":"xpath","value":"//*[@class = 'android.widget.Button' and (@text = 'LOGIN' or . = 'LOGIN') and @resource-id = 'com.Advantage.aShopping:id/buttonLogin']"}[39m
[38;5;0m[HTTP][0m [37m<-- POST /wd/hub/session/c7e2f79d-5899-42a6-9f60-2f7dc8c9743c/elements [39m[32m200[39m [90m60 ms - 139[39m
[38;5;0m[HTTP][0m [90m[39m
[38;5;0m[HTTP][0m [37m-->[39m [37mDELETE[39m [37m/wd/hub/session/c7e2f79d-5899-42a6-9f60-2f7dc8c9743c[39m
[38;5;0m[HTTP][0m [90m{}[39m
[38;5;16m[AppiumDriver@076f][0m Removing session c7e2f79d-5899-42a6-9f60-2f7dc8c9743c from our master session list
[38;5;48m[AndroidUiautomator2Driver@e807 (c7e2f79d)][0m Restoring hidden api policy to the device default configuration
[38;5;0m[HTTP][0m [37m<-- DELETE /wd/hub/session/c7e2f79d-5899-42a6-9f60-2f7dc8c9743c [39m[32m200[39m [90m149 ms - 14[39m
